[debug] [2017-12-25T04:12:47.622Z] ----------------------------------------------------------------------
[debug] [2017-12-25T04:12:47.624Z] Command:       /usr/local/var/nodebrew/node/v8.9.1/bin/node /usr/local/var/nodebrew/current/bin/firebase serve
[debug] [2017-12-25T04:12:47.624Z] CLI Version:   3.15.4
[debug] [2017-12-25T04:12:47.624Z] Platform:      darwin
[debug] [2017-12-25T04:12:47.624Z] Node Version:  v8.9.1
[debug] [2017-12-25T04:12:47.625Z] Time:          Mon Dec 25 2017 13:12:47 GMT+0900 (JST)
[debug] [2017-12-25T04:12:47.625Z] ----------------------------------------------------------------------
[debug] 
[debug] [2017-12-25T04:12:47.642Z] > command requires scopes: ["email","openid","https://www.googleapis.com/auth/cloudplatformprojects.readonly","https://www.googleapis.com/auth/firebase","https://www.googleapis.com/auth/cloud-platform"]
[debug] [2017-12-25T04:12:47.643Z] > authorizing via signed-in user
[debug] [2017-12-25T04:12:47.645Z] > refreshing access token with scopes: ["email","https://www.googleapis.com/auth/cloud-platform","https://www.googleapis.com/auth/cloudplatformprojects.readonly","https://www.googleapis.com/auth/firebase","openid"]
[debug] [2017-12-25T04:12:47.645Z] >>> HTTP REQUEST POST https://www.googleapis.com/oauth2/v3/token { refresh_token: '1/VbhzJdx5uDjupdYUiB1WkEzl66rnN6dNkaGVhrjasDQ',
  client_id: '563584335869-fgrhgmd47bqnekij5i8b5pr03ho849e6.apps.googleusercontent.com',
  client_secret: 'j9iVZfS8kkCEFUPaAeJV0sAi',
  grant_type: 'refresh_token',
  scope: 'email https://www.googleapis.com/auth/cloud-platform https://www.googleapis.com/auth/cloudplatformprojects.readonly https://www.googleapis.com/auth/firebase openid' } 
 Mon Dec 25 2017 13:12:47 GMT+0900 (JST)
[debug] [2017-12-25T04:12:47.866Z] <<< HTTP RESPONSE 200
[debug] [2017-12-25T04:12:47.883Z] >>> HTTP REQUEST GET https://admin.firebase.com/v1/projects/myjohnhiroshi  
 Mon Dec 25 2017 13:12:47 GMT+0900 (JST)
[debug] [2017-12-25T04:12:48.726Z] <<< HTTP RESPONSE 200
[debug] [2017-12-25T04:12:48.727Z] >>> HTTP REQUEST GET https://admin.firebase.com/v1/database/myjohnhiroshi/tokens  
 Mon Dec 25 2017 13:12:48 GMT+0900 (JST)
[debug] [2017-12-25T04:12:49.442Z] <<< HTTP RESPONSE 200
[info] 
[info] === Serving from '/Users/yaginumahiroshi1'...
[info] 
[debug] [2017-12-25T04:12:49.444Z] >>> HTTP REQUEST GET https://cloudresourcemanager.googleapis.com/v1/projects/myjohnhiroshi  
 Mon Dec 25 2017 13:12:49 GMT+0900 (JST)
[debug] [2017-12-25T04:12:50.380Z] <<< HTTP RESPONSE 200
[debug] [2017-12-25T04:12:50.380Z] >>> HTTP REQUEST GET https://mobilesdk-pa.googleapis.com/v1/projects/740556394270/clients/_:getWebAppConfig  
 Mon Dec 25 2017 13:12:50 GMT+0900 (JST)
[debug] [2017-12-25T04:12:51.221Z] <<< HTTP RESPONSE 200
[info] i  hosting: Serving hosting files from: public
[info] ✔  hosting: Local server: http://localhost:5000

